<?xml version="1.0" encoding="UTF-8"?>
<TestRun id="b291e08d-694c-4085-ad95-c7a22959c9a9" name="LY@LENOVO-PC 2015-12-16 23:37:32" runUser="Lenovo-PC\LY" xmlns="http://microsoft.com/schemas/VisualStudio/TeamTest/2010">
  <TestSettings name="本地" id="f73eee50-19b4-4180-bbe8-09f466415bc6">
    <Description>这些设置为本地测试运行的默认测试设置。</Description>
    <Deployment enabled="false" runDeploymentRoot="LY_LENOVO-PC 2015-12-16 23_37_32">
      <DeploymentItem filename="E:\code\code2016\RoboticArmMWC2016\sourceCode\RoboticArmMWC2016\MotionDetection\bin\Debug\MotionDetection.dll" />
      <DeploymentItem filename="E:\code\code2016\RoboticArmMWC2016\sourceCode\RoboticArmMWC2016\Helpers\bin\Debug\Helpers.dll" />
      <DeploymentItem filename="E:\code\code2016\RoboticArmMWC2016\sourceCode\dll\AForge.dll" />
      <DeploymentItem filename="E:\code\code2016\RoboticArmMWC2016\sourceCode\dll\dshow.dll" />
      <DeploymentItem filename="E:\code\code2016\RoboticArmMWC2016\sourceCode\dll\AForge.Imaging.dll" />
      <DeploymentItem filename="E:\code\code2016\RoboticArmMWC2016\sourceCode\dll\AForge.Math.dll" />
    </Deployment>
    <Execution>
      <TestTypeSpecific />
      <AgentRule name="Execution Agents">
      </AgentRule>
    </Execution>
  </TestSettings>
  <Times creation="2015-12-16T23:37:32.4284569+08:00" queuing="2015-12-16T23:37:32.4596886+08:00" start="2015-12-16T23:37:32.4753138+08:00" finish="2015-12-16T23:37:32.7096923+08:00" />
  <ResultSummary outcome="Completed">
    <Counters total="1" executed="1" passed="1" error="0" failed="0" timeout="0" aborted="0" inconclusive="0" passedButRunAborted="0" notRunnable="0" notExecuted="0" disconnected="0" warning="0" completed="0" inProgress="0" pending="0" />
  </ResultSummary>
  <TestDefinitions>
    <UnitTest name="TestConfig" storage="e:\code\code2016\roboticarmmwc2016\sourcecode\roboticarmmwc2016\testproject1\bin\debug\testproject1.dll" id="692761b2-9ea8-ed5f-06e0-5dc1b247d3ee">
      <Execution id="9ab35aa8-9525-4185-93a1-061330f81d46" />
      <TestMethod codeBase="E:/code/code2016/RoboticArmMWC2016/sourceCode/RoboticArmMWC2016/TestProject1/bin/Debug/TestProject1.DLL" adapterTypeName="Microsoft.VisualStudio.TestTools.TestTypes.Unit.UnitTestAdapter, Microsoft.VisualStudio.QualityTools.Tips.UnitTest.Adapter, Version=10.0.0.0, Culture=neutral, PublicKeyToken=b03f5f7f11d50a3a" className="TestProject1.MotionEndPointCalcTest, TestProject1, Version=1.0.0.0, Culture=neutral, PublicKeyToken=null" name="TestConfig" />
    </UnitTest>
  </TestDefinitions>
  <TestLists>
    <TestList name="列表中未列出的结果" id="8c84fa94-04c1-424b-9868-57a2d4851a1d" />
    <TestList name="所有已加载的结果" id="19431567-8539-422a-85d7-44ee4e166bda" />
  </TestLists>
  <TestEntries>
    <TestEntry testId="692761b2-9ea8-ed5f-06e0-5dc1b247d3ee" executionId="9ab35aa8-9525-4185-93a1-061330f81d46" testListId="8c84fa94-04c1-424b-9868-57a2d4851a1d" />
  </TestEntries>
  <Results>
    <UnitTestResult executionId="9ab35aa8-9525-4185-93a1-061330f81d46" testId="692761b2-9ea8-ed5f-06e0-5dc1b247d3ee" testName="TestConfig" computerName="LENOVO-PC" duration="00:00:00.0188601" startTime="2015-12-16T23:37:32.4753138+08:00" endTime="2015-12-16T23:37:32.6940668+08:00" testType="13cdc9d9-ddb5-4fa4-a97d-d965ccfc6d4b" outcome="Passed" testListId="8c84fa94-04c1-424b-9868-57a2d4851a1d" relativeResultsDirectory="9ab35aa8-9525-4185-93a1-061330f81d46">
    </UnitTestResult>
  </Results>
</TestRun>